TN:
SF:Calculadora.js
FN:5,adicionarNumero
FN:10,adicionarOperador
FN:17,somar
FN:21,subtrair
FN:25,multiplicar
FN:29,dividir
FN:36,calcular
FN:58,limpar
FNF:8
FNH:8
FNDA:1,adicionarNumero
FNDA:5,adicionarOperador
FNDA:2,somar
FNDA:2,subtrair
FNDA:2,multiplicar
FNDA:4,dividir
FNDA:5,calcular
FNDA:1,limpar
DA:1,1
DA:2,1
DA:3,1
DA:4,1
DA:5,1
DA:6,1
DA:7,1
DA:8,1
DA:9,1
DA:10,5
DA:11,5
DA:12,5
DA:13,5
DA:14,5
DA:15,5
DA:16,1
DA:17,2
DA:18,2
DA:19,2
DA:20,1
DA:21,2
DA:22,2
DA:23,2
DA:24,1
DA:25,2
DA:26,2
DA:27,2
DA:28,1
DA:29,4
DA:30,4
DA:31,2
DA:32,2
DA:33,2
DA:34,2
DA:35,1
DA:36,5
DA:37,5
DA:38,5
DA:39,5
DA:40,5
DA:41,5
DA:42,5
DA:43,1
DA:44,5
DA:45,1
DA:46,4
DA:47,1
DA:48,3
DA:49,2
DA:50,2
DA:51,4
DA:52,5
DA:53,1
DA:54,1
DA:55,1
DA:56,5
DA:57,1
DA:58,1
DA:59,1
DA:60,1
DA:61,1
DA:62,1
DA:63,1
DA:64,1
DA:65,1
LF:65
LH:65
BRDA:5,0,0,1
BRDA:10,1,0,5
BRDA:17,2,0,2
BRDA:21,3,0,2
BRDA:25,4,0,2
BRDA:29,5,0,4
BRDA:30,6,0,2
BRDA:36,7,0,5
BRDA:42,8,0,1
BRDA:44,9,0,4
BRDA:44,10,0,1
BRDA:46,11,0,3
BRDA:46,12,0,1
BRDA:48,13,0,2
BRDA:52,14,0,1
BRDA:58,15,0,1
BRF:16
BRH:16
end_of_record
